Using pre-set license
Built from '2021.2/staging' branch; Version is '2021.2.18f1 (0c6e675195cf) revision 814695'; Using compiler version '192829333'; Build Type 'Release'
OS: 'Windows 10  (10.0.19044) 64bit Professional' Language: 'en' Physical Memory: 16333 MB
BatchMode: 1, IsHumanControllingUs: 0, StartBugReporterOnCrash: 0, Is64bit: 1, IsPro: 1

COMMAND LINE ARGUMENTS:
C:\Program Files\Unity\Hub\Editor\2021.2.18f1\Editor\Unity.exe
-adb2
-batchMode
-noUpm
-name
AssetImportWorker4
-projectPath
C:/Users/Alex/Documents/Github/Project-VelociRaptor
-logFile
Logs/AssetImportWorker4.log
-srvPort
1037
Successfully changed project path to: C:/Users/Alex/Documents/Github/Project-VelociRaptor
C:/Users/Alex/Documents/Github/Project-VelociRaptor
[UnityMemory] Configuration Parameters - Can be set up in boot.config
    "memorysetup-bucket-allocator-granularity=16"
    "memorysetup-bucket-allocator-bucket-count=8"
    "memorysetup-bucket-allocator-block-size=33554432"
    "memorysetup-bucket-allocator-block-count=8"
    "memorysetup-main-allocator-block-size=16777216"
    "memorysetup-thread-allocator-block-size=16777216"
    "memorysetup-gfx-main-allocator-block-size=16777216"
    "memorysetup-gfx-thread-allocator-block-size=16777216"
    "memorysetup-cache-allocator-block-size=4194304"
    "memorysetup-typetree-allocator-block-size=2097152"
    "memorysetup-profiler-bucket-allocator-granularity=16"
    "memorysetup-profiler-bucket-allocator-bucket-count=8"
    "memorysetup-profiler-bucket-allocator-block-size=33554432"
    "memorysetup-profiler-bucket-allocator-block-count=8"
    "memorysetup-profiler-allocator-block-size=16777216"
    "memorysetup-profiler-editor-allocator-block-size=1048576"
    "memorysetup-temp-allocator-size-main=16777216"
    "memorysetup-job-temp-allocator-block-size=2097152"
    "memorysetup-job-temp-allocator-block-size-background=1048576"
    "memorysetup-job-temp-allocator-reduction-small-platforms=262144"
    "memorysetup-temp-allocator-size-background-worker=32768"
    "memorysetup-temp-allocator-size-job-worker=262144"
    "memorysetup-temp-allocator-size-preload-manager=33554432"
    "memorysetup-temp-allocator-size-nav-mesh-worker=65536"
    "memorysetup-temp-allocator-size-audio-worker=65536"
    "memorysetup-temp-allocator-size-cloud-worker=32768"
    "memorysetup-temp-allocator-size-gi-baking-worker=262144"
    "memorysetup-temp-allocator-size-gfx=262144"
Refreshing native plugins compatible for Editor in 69.70 ms, found 6 plugins.
Preloading 0 native plugins for Editor in 0.00 ms.
Initialize engine version: 2021.2.18f1 (0c6e675195cf)
[Subsystems] Discovering subsystems at path C:/Program Files/Unity/Hub/Editor/2021.2.18f1/Editor/Data/Resources/UnitySubsystems
[Subsystems] Discovering subsystems at path C:/Users/Alex/Documents/Github/Project-VelociRaptor/Assets
GfxDevice: creating device client; threaded=0; jobified=0
Direct3D:
    Version:  Direct3D 11.0 [level 11.1]
    Renderer: NVIDIA GeForce RTX 2070 SUPER (ID=0x1e84)
    Vendor:   NVIDIA
    VRAM:     8011 MB
    Driver:   30.0.14.9649
Initialize mono
Mono path[0] = 'C:/Program Files/Unity/Hub/Editor/2021.2.18f1/Editor/Data/Managed'
Mono path[1] = 'C:/Program Files/Unity/Hub/Editor/2021.2.18f1/Editor/Data/MonoBleedingEdge/lib/mono/unityjit-win32'
Mono config path = 'C:/Program Files/Unity/Hub/Editor/2021.2.18f1/Editor/Data/MonoBleedingEdge/etc'
Using monoOptions --debugger-agent=transport=dt_socket,embedding=1,server=y,suspend=n,address=127.0.0.1:56640
Begin MonoManager ReloadAssembly
Registering precompiled unity dll's ...
Register platform support module: C:/Program Files/Unity/Hub/Editor/2021.2.18f1/Editor/Data/PlaybackEngines/WindowsStandaloneSupport/UnityEditor.WindowsStandalone.Extensions.dll
Registered in 0.006212 seconds.
Native extension for WindowsStandalone target not found
Refreshing native plugins compatible for Editor in 70.89 ms, found 6 plugins.
Preloading 0 native plugins for Editor in 0.00 ms.
Mono: successfully reloaded assembly
- Completed reload, in  0.529 seconds
Domain Reload Profiling:
	ReloadAssembly (530ms)
		BeginReloadAssembly (61ms)
			ExecutionOrderSort (0ms)
			DisableScriptedObjects (0ms)
			BackupInstance (0ms)
			ReleaseScriptingObjects (0ms)
			CreateAndSetChildDomain (1ms)
		EndReloadAssembly (374ms)
			LoadAssemblies (60ms)
			RebuildTransferFunctionScriptingTraits (0ms)
			SetupTypeCache (80ms)
			ReleaseScriptCaches (0ms)
			RebuildScriptCaches (22ms)
			SetupLoadedEditorAssemblies (231ms)
				LogAssemblyErrors (0ms)
				InitializePlatformSupportModulesInManaged (7ms)
				SetLoadedEditorAssemblies (0ms)
				RefreshPlugins (71ms)
				BeforeProcessingInitializeOnLoad (1ms)
				ProcessInitializeOnLoadAttributes (114ms)
				ProcessInitializeOnLoadMethodAttributes (37ms)
				AfterProcessingInitializeOnLoad (0ms)
				EditorAssembliesLoaded (0ms)
			ExecutionOrderSort2 (0ms)
			AwakeInstancesAfterBackupRestoration (0ms)
Platform modules already initialized, skipping
Registering precompiled user dll's ...
Registered in 0.005275 seconds.
Begin MonoManager ReloadAssembly
Symbol file LoadedFromMemory doesn't match image C:\Users\Alex\Documents\Github\Project-VelociRaptor\Library\PackageCache\com.unity.visualscripting@1.7.6\Editor\VisualScripting.Core\Dependencies\YamlDotNet\Unity.VisualScripting.YamlDotNet.dll
Symbol file LoadedFromMemory doesn't match image C:\Users\Alex\Documents\Github\Project-VelociRaptor\Library\PackageCache\com.unity.visualscripting@1.7.6\Editor\VisualScripting.Core\Dependencies\DotNetZip\Unity.VisualScripting.IonicZip.dll
Native extension for WindowsStandalone target not found
Refreshing native plugins compatible for Editor in 0.67 ms, found 6 plugins.
Preloading 0 native plugins for Editor in 0.00 ms.
Package Manager log level set to [2]
Mono: successfully reloaded assembly
- Completed reload, in  0.861 seconds
Domain Reload Profiling:
	ReloadAssembly (861ms)
		BeginReloadAssembly (108ms)
			ExecutionOrderSort (0ms)
			DisableScriptedObjects (6ms)
			BackupInstance (0ms)
			ReleaseScriptingObjects (0ms)
			CreateAndSetChildDomain (20ms)
		EndReloadAssembly (655ms)
			LoadAssemblies (72ms)
			RebuildTransferFunctionScriptingTraits (0ms)
			SetupTypeCache (220ms)
			ReleaseScriptCaches (1ms)
			RebuildScriptCaches (44ms)
			SetupLoadedEditorAssemblies (292ms)
				LogAssemblyErrors (0ms)
				InitializePlatformSupportModulesInManaged (5ms)
				SetLoadedEditorAssemblies (0ms)
				RefreshPlugins (1ms)
				BeforeProcessingInitializeOnLoad (73ms)
				ProcessInitializeOnLoadAttributes (188ms)
				ProcessInitializeOnLoadMethodAttributes (18ms)
				AfterProcessingInitializeOnLoad (7ms)
				EditorAssembliesLoaded (0ms)
			ExecutionOrderSort2 (0ms)
			AwakeInstancesAfterBackupRestoration (6ms)
Platform modules already initialized, skipping
========================================================================
Worker process is ready to serve import requests
Launched and connected shader compiler UnityShaderCompiler.exe after 0.05 seconds
Refreshing native plugins compatible for Editor in 0.63 ms, found 6 plugins.
Preloading 0 native plugins for Editor in 0.00 ms.
Unloading 3549 Unused Serialized files (Serialized files now loaded: 0)
Unloading 24 unused Assets / (56.5 KB). Loaded Objects now: 4012.
Memory consumption went from 127.5 MB to 127.4 MB.
Total: 2.669200 ms (FindLiveObjects: 0.251700 ms CreateObjectMapping: 0.096900 ms MarkObjects: 2.231500 ms  DeleteObjects: 0.087900 ms)

AssetImportParameters requested are different than current active one (requested -> active):
  custom:video-decoder-ogg-theora: a1e56fd34408186e4bbccfd4996cb3dc -> 
  custom:container-muxer-webm: aa71ff27fc2769a1b78a27578f13a17b -> 
  custom:container-demuxer-webm: 4f35f7cbe854078d1ac9338744f61a02 -> 
  custom:video-encoder-webm-vp8: eb34c28f22e8b96e1ab97ce403110664 -> 
  custom:audio-encoder-webm-vorbis: bf7c407c2cedff20999df2af8eb42d56 -> 
  custom:framework-win-MediaFoundation: 216162199b28c13a410421893ffa2e32 -> 
  custom:container-demuxer-ogg: 62fdf1f143b41e24485cea50d1cbac27 -> 
  custom:video-decoder-webm-vp8: 9c59270c3fd7afecdb556c50c9e8de78 -> 
  custom:audio-decoder-ogg-vorbis: bf7c407c2cedff20999df2af8eb42d56 -> 
========================================================================
Received Prepare
Registering precompiled user dll's ...
Registered in 0.005012 seconds.
Begin MonoManager ReloadAssembly
Symbol file LoadedFromMemory doesn't match image C:\Users\Alex\Documents\Github\Project-VelociRaptor\Library\PackageCache\com.unity.visualscripting@1.7.6\Editor\VisualScripting.Core\Dependencies\YamlDotNet\Unity.VisualScripting.YamlDotNet.dll
Symbol file LoadedFromMemory doesn't match image C:\Users\Alex\Documents\Github\Project-VelociRaptor\Library\PackageCache\com.unity.visualscripting@1.7.6\Editor\VisualScripting.Core\Dependencies\DotNetZip\Unity.VisualScripting.IonicZip.dll
Native extension for WindowsStandalone target not found
Refreshing native plugins compatible for Editor in 0.69 ms, found 6 plugins.
Preloading 0 native plugins for Editor in 0.00 ms.
Mono: successfully reloaded assembly
- Completed reload, in  0.884 seconds
Domain Reload Profiling:
	ReloadAssembly (885ms)
		BeginReloadAssembly (127ms)
			ExecutionOrderSort (0ms)
			DisableScriptedObjects (4ms)
			BackupInstance (0ms)
			ReleaseScriptingObjects (0ms)
			CreateAndSetChildDomain (34ms)
		EndReloadAssembly (667ms)
			LoadAssemblies (73ms)
			RebuildTransferFunctionScriptingTraits (0ms)
			SetupTypeCache (223ms)
			ReleaseScriptCaches (1ms)
			RebuildScriptCaches (34ms)
			SetupLoadedEditorAssemblies (303ms)
				LogAssemblyErrors (0ms)
				InitializePlatformSupportModulesInManaged (11ms)
				SetLoadedEditorAssemblies (0ms)
				RefreshPlugins (1ms)
				BeforeProcessingInitializeOnLoad (63ms)
				ProcessInitializeOnLoadAttributes (195ms)
				ProcessInitializeOnLoadMethodAttributes (26ms)
				AfterProcessingInitializeOnLoad (7ms)
				EditorAssembliesLoaded (0ms)
			ExecutionOrderSort2 (0ms)
			AwakeInstancesAfterBackupRestoration (6ms)
Platform modules already initialized, skipping
Refreshing native plugins compatible for Editor in 2.63 ms, found 6 plugins.
Preloading 0 native plugins for Editor in 0.00 ms.
Unloading 3523 Unused Serialized files (Serialized files now loaded: 0)
Unloading 16 unused Assets / (24.6 KB). Loaded Objects now: 4017.
Memory consumption went from 125.9 MB to 125.8 MB.
Total: 2.624900 ms (FindLiveObjects: 0.241100 ms CreateObjectMapping: 0.086400 ms MarkObjects: 2.269600 ms  DeleteObjects: 0.027100 ms)

AssetImportParameters requested are different than current active one (requested -> active):
  custom:video-decoder-ogg-theora: a1e56fd34408186e4bbccfd4996cb3dc -> 
  custom:container-muxer-webm: aa71ff27fc2769a1b78a27578f13a17b -> 
  custom:container-demuxer-webm: 4f35f7cbe854078d1ac9338744f61a02 -> 
  custom:video-encoder-webm-vp8: eb34c28f22e8b96e1ab97ce403110664 -> 
  custom:audio-encoder-webm-vorbis: bf7c407c2cedff20999df2af8eb42d56 -> 
  custom:framework-win-MediaFoundation: 216162199b28c13a410421893ffa2e32 -> 
  custom:container-demuxer-ogg: 62fdf1f143b41e24485cea50d1cbac27 -> 
  custom:video-decoder-webm-vp8: 9c59270c3fd7afecdb556c50c9e8de78 -> 
  custom:audio-decoder-ogg-vorbis: bf7c407c2cedff20999df2af8eb42d56 -> 
========================================================================
Received Import Request.
  Time since last request: 26223.046924 seconds.
  path: Assets/SkySeries Freebie/FreebieHdri/PlanetaryEarth4k.hdr
  artifactKey: Guid(3675d0c3c874f6b479bab57eb7e68c90) Importer(815301076,1909f56bfc062723c751e8b465ee728b)
Start importing Assets/SkySeries Freebie/FreebieHdri/PlanetaryEarth4k.hdr using Guid(3675d0c3c874f6b479bab57eb7e68c90) Importer(815301076,1909f56bfc062723c751e8b465ee728b)  -> (artifact id: 'b2a78206d5a7262412650aacd892935e') in 0.192530 seconds 
========================================================================
Received Import Request.
  Time since last request: 17.506897 seconds.
  path: Assets/SkySeries Freebie/FreebieHdri/Materials
  artifactKey: Guid(f965b9a5e4f35a7479b6d5474db0933c) Importer(815301076,1909f56bfc062723c751e8b465ee728b)
Start importing Assets/SkySeries Freebie/FreebieHdri/Materials using Guid(f965b9a5e4f35a7479b6d5474db0933c) Importer(815301076,1909f56bfc062723c751e8b465ee728b)  -> (artifact id: 'ce4426bca6142f71a157caf302ec4e86') in 0.007053 seconds 
========================================================================
Received Import Request.
  Time since last request: 0.014353 seconds.
  path: Assets/SkySeries Freebie/FreebieHdri/Materials/PlanetaryEarth4k.mat
  artifactKey: Guid(1b5d97dafd92cc4438cb8cfbd19180af) Importer(815301076,1909f56bfc062723c751e8b465ee728b)
Start importing Assets/SkySeries Freebie/FreebieHdri/Materials/PlanetaryEarth4k.mat using Guid(1b5d97dafd92cc4438cb8cfbd19180af) Importer(815301076,1909f56bfc062723c751e8b465ee728b)  -> (artifact id: '4ac72d41051ac6b165d31112b317a87c') in 0.086827 seconds 
========================================================================
Received Import Request.
  Time since last request: 114.995166 seconds.
  path: Assets/SkySeries Freebie/PlanetaryEarth.mat
  artifactKey: Guid(16bc8a9d5451ca44d8f70575adbece3a) Importer(815301076,1909f56bfc062723c751e8b465ee728b)
Start importing Assets/SkySeries Freebie/PlanetaryEarth.mat using Guid(16bc8a9d5451ca44d8f70575adbece3a) Importer(815301076,1909f56bfc062723c751e8b465ee728b)  -> (artifact id: '3b55442c3f0022d0cb666f191c7dd1ff') in 0.025475 seconds 
========================================================================
Received Import Request.
  Time since last request: 3.217092 seconds.
  path: Assets/LowPolyEarth/lowpoly_earth.fbx
  artifactKey: Guid(00d595aac3b77e347a084ad71e3b7f2d) Importer(815301076,1909f56bfc062723c751e8b465ee728b)
Start importing Assets/LowPolyEarth/lowpoly_earth.fbx using Guid(00d595aac3b77e347a084ad71e3b7f2d) Importer(815301076,1909f56bfc062723c751e8b465ee728b)  -> (artifact id: '5e9ba2ba29cc4c495bd22cb3dd153395') in 0.165372 seconds 
========================================================================
Received Import Request.
  Time since last request: 0.000025 seconds.
  path: Assets/LowPolyEarth/Material_Water.mat
  artifactKey: Guid(9ad627dc231083a48a41eccbee2a877a) Importer(815301076,1909f56bfc062723c751e8b465ee728b)
Start importing Assets/LowPolyEarth/Material_Water.mat using Guid(9ad627dc231083a48a41eccbee2a877a) Importer(815301076,1909f56bfc062723c751e8b465ee728b)  -> (artifact id: '99454d0af372d7c236fdcc5bed4453c3') in 0.011967 seconds 
========================================================================
Received Import Request.
  Time since last request: 0.000034 seconds.
  path: Assets/LowPolyEarth/Material_Earth.mat
  artifactKey: Guid(9a314f7db98c622419511903f3f24252) Importer(815301076,1909f56bfc062723c751e8b465ee728b)
Start importing Assets/LowPolyEarth/Material_Earth.mat using Guid(9a314f7db98c622419511903f3f24252) Importer(815301076,1909f56bfc062723c751e8b465ee728b)  -> (artifact id: '61dc7e9a2502426b2b1f0f9c853d0804') in 0.010355 seconds 
========================================================================
Received Import Request.
  Time since last request: 6.471040 seconds.
  path: Assets/LowPolyEarth/Demo_LowPolyEarth.unity
  artifactKey: Guid(e0ecf4acd7a83df42b8568bb8101015c) Importer(815301076,1909f56bfc062723c751e8b465ee728b)
Start importing Assets/LowPolyEarth/Demo_LowPolyEarth.unity using Guid(e0ecf4acd7a83df42b8568bb8101015c) Importer(815301076,1909f56bfc062723c751e8b465ee728b)  -> (artifact id: '2bfb48beb0063d2d6bf68b416a43fa0a') in 0.004673 seconds 
========================================================================
Received Import Request.
  Time since last request: 0.454668 seconds.
  path: Assets/LowPolyEarth/Demo_LowPolyEarthSettings.lighting
  artifactKey: Guid(d741abb6bc8a06b4c9e091661574a6de) Importer(815301076,1909f56bfc062723c751e8b465ee728b)
Start importing Assets/LowPolyEarth/Demo_LowPolyEarthSettings.lighting using Guid(d741abb6bc8a06b4c9e091661574a6de) Importer(815301076,1909f56bfc062723c751e8b465ee728b) LightingSettings: switching bake backend from 1 to 0.
 -> (artifact id: '24216baadf88f7904464265809fea246') in 0.006846 seconds 
========================================================================
Received Import Request.
  Time since last request: 0.447373 seconds.
  path: Assets/LowPolyEarth/EarthSpinScript.cs
  artifactKey: Guid(1d891d12ffa2537429709cadaf2b7063) Importer(815301076,1909f56bfc062723c751e8b465ee728b)
Start importing Assets/LowPolyEarth/EarthSpinScript.cs using Guid(1d891d12ffa2537429709cadaf2b7063) Importer(815301076,1909f56bfc062723c751e8b465ee728b)  -> (artifact id: '13d4ba9d7cc91126ac75cf680275555f') in 0.038704 seconds 
========================================================================
Received Prepare
Registering precompiled user dll's ...
Registered in 0.007276 seconds.
Begin MonoManager ReloadAssembly
Symbol file LoadedFromMemory doesn't match image C:\Users\Alex\Documents\Github\Project-VelociRaptor\Library\PackageCache\com.unity.visualscripting@1.7.6\Editor\VisualScripting.Core\Dependencies\YamlDotNet\Unity.VisualScripting.YamlDotNet.dll
Symbol file LoadedFromMemory doesn't match image C:\Users\Alex\Documents\Github\Project-VelociRaptor\Library\PackageCache\com.unity.visualscripting@1.7.6\Editor\VisualScripting.Core\Dependencies\DotNetZip\Unity.VisualScripting.IonicZip.dll
Native extension for WindowsStandalone target not found
Refreshing native plugins compatible for Editor in 0.62 ms, found 6 plugins.
Preloading 0 native plugins for Editor in 0.00 ms.
Mono: successfully reloaded assembly
- Completed reload, in  0.879 seconds
Domain Reload Profiling:
	ReloadAssembly (879ms)
		BeginReloadAssembly (119ms)
			ExecutionOrderSort (0ms)
			DisableScriptedObjects (4ms)
			BackupInstance (0ms)
			ReleaseScriptingObjects (0ms)
			CreateAndSetChildDomain (34ms)
		EndReloadAssembly (672ms)
			LoadAssemblies (76ms)
			RebuildTransferFunctionScriptingTraits (0ms)
			SetupTypeCache (254ms)
			ReleaseScriptCaches (1ms)
			RebuildScriptCaches (37ms)
			SetupLoadedEditorAssemblies (267ms)
				LogAssemblyErrors (0ms)
				InitializePlatformSupportModulesInManaged (11ms)
				SetLoadedEditorAssemblies (0ms)
				RefreshPlugins (1ms)
				BeforeProcessingInitializeOnLoad (58ms)
				ProcessInitializeOnLoadAttributes (170ms)
				ProcessInitializeOnLoadMethodAttributes (19ms)
				AfterProcessingInitializeOnLoad (9ms)
				EditorAssembliesLoaded (0ms)
			ExecutionOrderSort2 (0ms)
			AwakeInstancesAfterBackupRestoration (7ms)
Platform modules already initialized, skipping
Refreshing native plugins compatible for Editor in 1.87 ms, found 6 plugins.
Preloading 0 native plugins for Editor in 0.00 ms.
Unloading 3522 Unused Serialized files (Serialized files now loaded: 0)
Unloading 17 unused Assets / (24.6 KB). Loaded Objects now: 4066.
Memory consumption went from 130.7 MB to 130.7 MB.
Total: 2.509300 ms (FindLiveObjects: 0.248700 ms CreateObjectMapping: 0.086800 ms MarkObjects: 2.153900 ms  DeleteObjects: 0.019200 ms)

AssetImportParameters requested are different than current active one (requested -> active):
  custom:video-decoder-ogg-theora: a1e56fd34408186e4bbccfd4996cb3dc -> 
  custom:container-muxer-webm: aa71ff27fc2769a1b78a27578f13a17b -> 
  custom:container-demuxer-webm: 4f35f7cbe854078d1ac9338744f61a02 -> 
  custom:video-encoder-webm-vp8: eb34c28f22e8b96e1ab97ce403110664 -> 
  custom:audio-encoder-webm-vorbis: bf7c407c2cedff20999df2af8eb42d56 -> 
  custom:framework-win-MediaFoundation: 216162199b28c13a410421893ffa2e32 -> 
  custom:container-demuxer-ogg: 62fdf1f143b41e24485cea50d1cbac27 -> 
  custom:video-decoder-webm-vp8: 9c59270c3fd7afecdb556c50c9e8de78 -> 
  custom:audio-decoder-ogg-vorbis: bf7c407c2cedff20999df2af8eb42d56 -> 
========================================================================
Received Prepare
Registering precompiled user dll's ...
Registered in 0.006107 seconds.
Begin MonoManager ReloadAssembly
Symbol file LoadedFromMemory doesn't match image C:\Users\Alex\Documents\Github\Project-VelociRaptor\Library\PackageCache\com.unity.visualscripting@1.7.6\Editor\VisualScripting.Core\Dependencies\YamlDotNet\Unity.VisualScripting.YamlDotNet.dll
Symbol file LoadedFromMemory doesn't match image C:\Users\Alex\Documents\Github\Project-VelociRaptor\Library\PackageCache\com.unity.visualscripting@1.7.6\Editor\VisualScripting.Core\Dependencies\DotNetZip\Unity.VisualScripting.IonicZip.dll
Native extension for WindowsStandalone target not found
Refreshing native plugins compatible for Editor in 0.62 ms, found 6 plugins.
Preloading 0 native plugins for Editor in 0.00 ms.
Mono: successfully reloaded assembly
- Completed reload, in  0.898 seconds
Domain Reload Profiling:
	ReloadAssembly (898ms)
		BeginReloadAssembly (136ms)
			ExecutionOrderSort (0ms)
			DisableScriptedObjects (8ms)
			BackupInstance (0ms)
			ReleaseScriptingObjects (0ms)
			CreateAndSetChildDomain (32ms)
		EndReloadAssembly (677ms)
			LoadAssemblies (75ms)
			RebuildTransferFunctionScriptingTraits (0ms)
			SetupTypeCache (236ms)
			ReleaseScriptCaches (1ms)
			RebuildScriptCaches (32ms)
			SetupLoadedEditorAssemblies (294ms)
				LogAssemblyErrors (0ms)
				InitializePlatformSupportModulesInManaged (12ms)
				SetLoadedEditorAssemblies (0ms)
				RefreshPlugins (1ms)
				BeforeProcessingInitializeOnLoad (59ms)
				ProcessInitializeOnLoadAttributes (197ms)
				ProcessInitializeOnLoadMethodAttributes (18ms)
				AfterProcessingInitializeOnLoad (7ms)
				EditorAssembliesLoaded (0ms)
			ExecutionOrderSort2 (0ms)
			AwakeInstancesAfterBackupRestoration (6ms)
Platform modules already initialized, skipping
Refreshing native plugins compatible for Editor in 1.93 ms, found 6 plugins.
Preloading 0 native plugins for Editor in 0.00 ms.
Unloading 3535 Unused Serialized files (Serialized files now loaded: 0)
Unloading 22 unused Assets / (1.2 MB). Loaded Objects now: 4077.
Memory consumption went from 132.9 MB to 131.7 MB.
Total: 3.346700 ms (FindLiveObjects: 0.357000 ms CreateObjectMapping: 0.108200 ms MarkObjects: 2.379600 ms  DeleteObjects: 0.500900 ms)

AssetImportParameters requested are different than current active one (requested -> active):
  custom:video-decoder-ogg-theora: a1e56fd34408186e4bbccfd4996cb3dc -> 
  custom:container-muxer-webm: aa71ff27fc2769a1b78a27578f13a17b -> 
  custom:container-demuxer-webm: 4f35f7cbe854078d1ac9338744f61a02 -> 
  custom:video-encoder-webm-vp8: eb34c28f22e8b96e1ab97ce403110664 -> 
  custom:audio-encoder-webm-vorbis: bf7c407c2cedff20999df2af8eb42d56 -> 
  custom:framework-win-MediaFoundation: 216162199b28c13a410421893ffa2e32 -> 
  custom:container-demuxer-ogg: 62fdf1f143b41e24485cea50d1cbac27 -> 
  custom:video-decoder-webm-vp8: 9c59270c3fd7afecdb556c50c9e8de78 -> 
  custom:audio-decoder-ogg-vorbis: bf7c407c2cedff20999df2af8eb42d56 -> 
========================================================================
Received Import Request.
  Time since last request: 149.167018 seconds.
  path: Assets
  artifactKey: Guid(00000000000000001000000000000000) Importer(815301076,1909f56bfc062723c751e8b465ee728b)
Start importing Assets using Guid(00000000000000001000000000000000) Importer(815301076,1909f56bfc062723c751e8b465ee728b)  -> (artifact id: '79842766b460edbeab6a34051e857a80') in 0.009430 seconds 
========================================================================
Received Import Request.
  Time since last request: 6.875457 seconds.
  path: Assets/ImportedAssets
  artifactKey: Guid(06bf5d650fdfe4440a01d2a9d3e4e7eb) Importer(815301076,1909f56bfc062723c751e8b465ee728b)
Start importing Assets/ImportedAssets using Guid(06bf5d650fdfe4440a01d2a9d3e4e7eb) Importer(815301076,1909f56bfc062723c751e8b465ee728b)  -> (artifact id: '93f18b9b932476a70862573c6fa26f3e') in 0.004845 seconds 
========================================================================
Received Prepare
Registering precompiled user dll's ...
Registered in 0.004683 seconds.
Begin MonoManager ReloadAssembly
Symbol file LoadedFromMemory doesn't match image C:\Users\Alex\Documents\Github\Project-VelociRaptor\Library\PackageCache\com.unity.visualscripting@1.7.6\Editor\VisualScripting.Core\Dependencies\YamlDotNet\Unity.VisualScripting.YamlDotNet.dll
Symbol file LoadedFromMemory doesn't match image C:\Users\Alex\Documents\Github\Project-VelociRaptor\Library\PackageCache\com.unity.visualscripting@1.7.6\Editor\VisualScripting.Core\Dependencies\DotNetZip\Unity.VisualScripting.IonicZip.dll
Native extension for WindowsStandalone target not found
Refreshing native plugins compatible for Editor in 1.00 ms, found 6 plugins.
Preloading 0 native plugins for Editor in 0.00 ms.
Mono: successfully reloaded assembly
- Completed reload, in  0.844 seconds
Domain Reload Profiling:
	ReloadAssembly (844ms)
		BeginReloadAssembly (112ms)
			ExecutionOrderSort (0ms)
			DisableScriptedObjects (4ms)
			BackupInstance (0ms)
			ReleaseScriptingObjects (0ms)
			CreateAndSetChildDomain (30ms)
		EndReloadAssembly (639ms)
			LoadAssemblies (68ms)
			RebuildTransferFunctionScriptingTraits (0ms)
			SetupTypeCache (225ms)
			ReleaseScriptCaches (1ms)
			RebuildScriptCaches (40ms)
			SetupLoadedEditorAssemblies (266ms)
				LogAssemblyErrors (0ms)
				InitializePlatformSupportModulesInManaged (11ms)
				SetLoadedEditorAssemblies (0ms)
				RefreshPlugins (1ms)
				BeforeProcessingInitializeOnLoad (65ms)
				ProcessInitializeOnLoadAttributes (163ms)
				ProcessInitializeOnLoadMethodAttributes (18ms)
				AfterProcessingInitializeOnLoad (7ms)
				EditorAssembliesLoaded (0ms)
			ExecutionOrderSort2 (0ms)
			AwakeInstancesAfterBackupRestoration (7ms)
Platform modules already initialized, skipping
Refreshing native plugins compatible for Editor in 1.82 ms, found 6 plugins.
Preloading 0 native plugins for Editor in 0.00 ms.
Unloading 3535 Unused Serialized files (Serialized files now loaded: 0)
Unloading 22 unused Assets / (1.2 MB). Loaded Objects now: 4081.
Memory consumption went from 132.9 MB to 131.7 MB.
Total: 3.297600 ms (FindLiveObjects: 0.304900 ms CreateObjectMapping: 0.217600 ms MarkObjects: 2.301400 ms  DeleteObjects: 0.471800 ms)

AssetImportParameters requested are different than current active one (requested -> active):
  custom:video-decoder-ogg-theora: a1e56fd34408186e4bbccfd4996cb3dc -> 
  custom:container-muxer-webm: aa71ff27fc2769a1b78a27578f13a17b -> 
  custom:container-demuxer-webm: 4f35f7cbe854078d1ac9338744f61a02 -> 
  custom:video-encoder-webm-vp8: eb34c28f22e8b96e1ab97ce403110664 -> 
  custom:audio-encoder-webm-vorbis: bf7c407c2cedff20999df2af8eb42d56 -> 
  custom:framework-win-MediaFoundation: 216162199b28c13a410421893ffa2e32 -> 
  custom:container-demuxer-ogg: 62fdf1f143b41e24485cea50d1cbac27 -> 
  custom:video-decoder-webm-vp8: 9c59270c3fd7afecdb556c50c9e8de78 -> 
  custom:audio-decoder-ogg-vorbis: bf7c407c2cedff20999df2af8eb42d56 -> 
========================================================================
Received Import Request.
  Time since last request: 13.484492 seconds.
  path: Assets/ImportedAssets/VolumetricLines/Scripts
  artifactKey: Guid(efda95c08f4370f45ac08e2ee6544043) Importer(815301076,1909f56bfc062723c751e8b465ee728b)
Start importing Assets/ImportedAssets/VolumetricLines/Scripts using Guid(efda95c08f4370f45ac08e2ee6544043) Importer(815301076,1909f56bfc062723c751e8b465ee728b)  -> (artifact id: '58b2ede27edbfe3047e33ded6e1a6867') in 0.009399 seconds 
========================================================================
Received Import Request.
  Time since last request: 0.352862 seconds.
  path: Assets/ImportedAssets/VolumetricLines/BuiltInRenderPipeline
  artifactKey: Guid(c8e363cd77bc5b244ade87db01ecf3f8) Importer(815301076,1909f56bfc062723c751e8b465ee728b)
Start importing Assets/ImportedAssets/VolumetricLines/BuiltInRenderPipeline using Guid(c8e363cd77bc5b244ade87db01ecf3f8) Importer(815301076,1909f56bfc062723c751e8b465ee728b)  -> (artifact id: 'e1e9ed12a94222526d8a153b22b398aa') in 0.006074 seconds 
========================================================================
Received Import Request.
  Time since last request: 1.757503 seconds.
  path: Assets/ImportedAssets/VolumetricLines/BuiltInRenderPipeline/Prefabs
  artifactKey: Guid(ce99dc68aa30d104292694c9c24ee6a0) Importer(815301076,1909f56bfc062723c751e8b465ee728b)
Start importing Assets/ImportedAssets/VolumetricLines/BuiltInRenderPipeline/Prefabs using Guid(ce99dc68aa30d104292694c9c24ee6a0) Importer(815301076,1909f56bfc062723c751e8b465ee728b)  -> (artifact id: '61bac2dfbb85f3ea615aa682ac0898df') in 0.005276 seconds 
========================================================================
Received Import Request.
  Time since last request: 0.043279 seconds.
  path: Assets/ImportedAssets/VolumetricLines/BuiltInRenderPipeline/Prefabs/LineStrip-LightSaber.prefab
  artifactKey: Guid(158489636c6d50d4290c11b03aa00742) Importer(815301076,1909f56bfc062723c751e8b465ee728b)
Start importing Assets/ImportedAssets/VolumetricLines/BuiltInRenderPipeline/Prefabs/LineStrip-LightSaber.prefab using Guid(158489636c6d50d4290c11b03aa00742) Importer(815301076,1909f56bfc062723c751e8b465ee728b)  -> (artifact id: '8db6de1ba59401d6f01adc6a878aa3cd') in 0.032372 seconds 
========================================================================
Received Import Request.
  Time since last request: 0.000015 seconds.
  path: Assets/ImportedAssets/VolumetricLines/BuiltInRenderPipeline/Prefabs/SingleLine-TextureAdditive.prefab
  artifactKey: Guid(66e0018a9e63c4348b7a340890e5b30c) Importer(815301076,1909f56bfc062723c751e8b465ee728b)
Start importing Assets/ImportedAssets/VolumetricLines/BuiltInRenderPipeline/Prefabs/SingleLine-TextureAdditive.prefab using Guid(66e0018a9e63c4348b7a340890e5b30c) Importer(815301076,1909f56bfc062723c751e8b465ee728b)  -> (artifact id: 'ddb77b2e6b5c078ce9e1449654da0499') in 0.009896 seconds 
========================================================================
Received Import Request.
  Time since last request: 0.000017 seconds.
  path: Assets/ImportedAssets/VolumetricLines/BuiltInRenderPipeline/Prefabs/SingleLine-TextureAlphaBlended.prefab
  artifactKey: Guid(6ffb6552b370d4049ada03898e7874ae) Importer(815301076,1909f56bfc062723c751e8b465ee728b)
Start importing Assets/ImportedAssets/VolumetricLines/BuiltInRenderPipeline/Prefabs/SingleLine-TextureAlphaBlended.prefab using Guid(6ffb6552b370d4049ada03898e7874ae) Importer(815301076,1909f56bfc062723c751e8b465ee728b)  -> (artifact id: '2deb37cdc03775188903779309820fa9') in 0.009853 seconds 
========================================================================
Received Import Request.
  Time since last request: 6.017170 seconds.
  path: Assets/ImportedAssets/VolumetricLines/BuiltInRenderPipeline/ExampleScenes/ExampleMaterials
  artifactKey: Guid(0239c99c45f2ec84eb8dfa6aaa2b2dd6) Importer(815301076,1909f56bfc062723c751e8b465ee728b)
Start importing Assets/ImportedAssets/VolumetricLines/BuiltInRenderPipeline/ExampleScenes/ExampleMaterials using Guid(0239c99c45f2ec84eb8dfa6aaa2b2dd6) Importer(815301076,1909f56bfc062723c751e8b465ee728b)  -> (artifact id: '31d2fcb08c5f1ddcf0b0a68124f668f7') in 0.004826 seconds 
========================================================================
Received Import Request.
  Time since last request: 1.326903 seconds.
  path: Assets/ImportedAssets/VolumetricLines/BuiltInRenderPipeline/ExampleScenes/ExamplePrefabs
  artifactKey: Guid(33922291d83d63b4e99f8d19b1b54aa9) Importer(815301076,1909f56bfc062723c751e8b465ee728b)
Start importing Assets/ImportedAssets/VolumetricLines/BuiltInRenderPipeline/ExampleScenes/ExamplePrefabs using Guid(33922291d83d63b4e99f8d19b1b54aa9) Importer(815301076,1909f56bfc062723c751e8b465ee728b)  -> (artifact id: 'd62e6d7b40cc27f7aecbc95d04367ad1') in 0.004842 seconds 
========================================================================
Received Import Request.
  Time since last request: 0.653395 seconds.
  path: Assets/ImportedAssets/VolumetricLines/BuiltInRenderPipeline/ExampleScenes/ExampleScripts
  artifactKey: Guid(bf91eff4fd210294f806376fca42f301) Importer(815301076,1909f56bfc062723c751e8b465ee728b)
Start importing Assets/ImportedAssets/VolumetricLines/BuiltInRenderPipeline/ExampleScenes/ExampleScripts using Guid(bf91eff4fd210294f806376fca42f301) Importer(815301076,1909f56bfc062723c751e8b465ee728b)  -> (artifact id: '4cdc1baba4e4c542710cccbe1911e2ee') in 0.004618 seconds 
========================================================================
Received Import Request.
  Time since last request: 0.464637 seconds.
  path: Assets/ImportedAssets/VolumetricLines/BuiltInRenderPipeline/ExampleScenes/ExamplePrefabs/Cannon.prefab
  artifactKey: Guid(98fe0711a57757841834f5d3575e660a) Importer(815301076,1909f56bfc062723c751e8b465ee728b)
Start importing Assets/ImportedAssets/VolumetricLines/BuiltInRenderPipeline/ExampleScenes/ExamplePrefabs/Cannon.prefab using Guid(98fe0711a57757841834f5d3575e660a) Importer(815301076,1909f56bfc062723c751e8b465ee728b)  -> (artifact id: 'fd167e6293fc057d46a5e05a095737b1') in 0.113601 seconds 
========================================================================
Received Import Request.
  Time since last request: 320.774409 seconds.
  path: Assets/SteamVR/InteractionSystem/Core/Prefabs/Player.prefab
  artifactKey: Guid(dc06161b6d97feb419f45f03b62e14b9) Importer(815301076,1909f56bfc062723c751e8b465ee728b)
Start importing Assets/SteamVR/InteractionSystem/Core/Prefabs/Player.prefab using Guid(dc06161b6d97feb419f45f03b62e14b9) Importer(815301076,1909f56bfc062723c751e8b465ee728b) Tried select unknown importer for id '-2' '00000000000000000000000000000000'
 -> (artifact id: '3a4dd866564be2e49dc3a147922d8c3c') in 0.109783 seconds 
========================================================================
Received Import Request.
  Time since last request: 1467.268216 seconds.
  path: Assets/Scenes
  artifactKey: Guid(6ea315d0fd7389c41b19996891e99ae3) Importer(815301076,1909f56bfc062723c751e8b465ee728b)
Start importing Assets/Scenes using Guid(6ea315d0fd7389c41b19996891e99ae3) Importer(815301076,1909f56bfc062723c751e8b465ee728b)  -> (artifact id: 'bc172811d573b296104adb4d2728db37') in 0.005310 seconds 
========================================================================
Received Import Request.
  Time since last request: 0.621018 seconds.
  path: Assets/Scenes/SampleScene.unity
  artifactKey: Guid(9fc0d4010bbf28b4594072e72b8655ab) Importer(815301076,1909f56bfc062723c751e8b465ee728b)
Start importing Assets/Scenes/SampleScene.unity using Guid(9fc0d4010bbf28b4594072e72b8655ab) Importer(815301076,1909f56bfc062723c751e8b465ee728b)  -> (artifact id: '4790188c80b17a9abe01b2e70837b52d') in 0.005086 seconds 
========================================================================
Received Import Request.
  Time since last request: 107.594650 seconds.
  path: Assets/Scenes/MassinTestingScene.unity
  artifactKey: Guid(926a76a685652a044a25b1ce1771d4b3) Importer(815301076,1909f56bfc062723c751e8b465ee728b)
Start importing Assets/Scenes/MassinTestingScene.unity using Guid(926a76a685652a044a25b1ce1771d4b3) Importer(815301076,1909f56bfc062723c751e8b465ee728b)  -> (artifact id: '047ee16bc92265dd1e881e456d612dac') in 0.004710 seconds 
========================================================================
Received Import Request.
  Time since last request: 11.371391 seconds.
  path: Assets/Scenes/main.unity
  artifactKey: Guid(926a76a685652a044a25b1ce1771d4b3) Importer(815301076,1909f56bfc062723c751e8b465ee728b)
Start importing Assets/Scenes/main.unity using Guid(926a76a685652a044a25b1ce1771d4b3) Importer(815301076,1909f56bfc062723c751e8b465ee728b)  -> (artifact id: '3121ad434e0d8fcb3172a440e9f08d76') in 0.005125 seconds 
